<?xml version="1.0" encoding="UTF-8"?>
<!-- Generated by org.testng.reporters.JUnitReportReporter -->
<testsuite hostname="LAPTOP-V2LQLCOS" failures="0" tests="6" name="tests.SodaStremSpareTest" time="17.056" errors="0" timestamp="10 Oct 2021 15:28:00 GMT">
  <testcase classname="tests.SodaStremSpareTest" name="enterToSparePage" time="2.789"/>
  <testcase classname="tests.SodaStremSpareTest" name="checkAllQuestionsSuccessTest" time="1.613"/>
  <testcase classname="tests.SodaStremSpareTest" name="minusAndPlusQuantitySuccessTest" time="0.234"/>
  <testcase classname="tests.SodaStremSpareTest" name="checkReadAllFaqsButtonSuccessTest" time="2.365"/>
  <testcase classname="tests.SodaStremSpareTest" name="setExtentReport" time="0.005"/>
  <testcase classname="tests.SodaStremSpareTest" name="addItemToCartSuccessTest" time="10.050"/>
</testsuite> <!-- tests.SodaStremSpareTest -->
