<?xml version="1.0" encoding="UTF-8"?>
<!-- Generated by org.testng.reporters.JUnitReportReporter -->
<testsuite hostname="LAPTOP-V2LQLCOS" failures="0" tests="1" name="pages.SodaStreamTopNavTest" time="13.306" errors="0" timestamp="28 Sep 2021 13:14:11 GMT">
  <testcase classname="pages.SodaStreamTopNavTest" name="testOne" time="13.306"/>
</testsuite> <!-- pages.SodaStreamTopNavTest -->
