<?xml version="1.0" encoding="UTF-8"?>
<!-- Generated by org.testng.reporters.JUnitReportReporter -->
<testsuite hostname="LAPTOP-V2LQLCOS" failures="0" tests="6" name="tests.OneTouchPageTest" time="16.942" errors="0" timestamp="10 Oct 2021 15:20:19 GMT">
  <testcase classname="tests.OneTouchPageTest" name="navigateToOneTouchPage" time="5.435"/>
  <testcase classname="tests.OneTouchPageTest" name="clickOnBuyNowTest" time="8.174"/>
  <testcase classname="tests.OneTouchPageTest" name="checkAllQuestionsAndFAQ" time="2.654"/>
  <testcase classname="tests.OneTouchPageTest" name="selectColorTest" time="0.111"/>
  <testcase classname="tests.OneTouchPageTest" name="setExtentReport" time="0.005"/>
  <testcase classname="tests.OneTouchPageTest" name="clickWriteReviewSuccessTest" time="0.563"/>
</testsuite> <!-- tests.OneTouchPageTest -->
