<?xml version="1.0" encoding="UTF-8"?>
<!-- Generated by org.testng.reporters.JUnitReportReporter -->
<testsuite hostname="LAPTOP-V2LQLCOS" failures="0" tests="3" name="tests.SodaStreamMyAccountPageTest" time="12.569" errors="0" timestamp="29 Sep 2021 18:22:57 GMT">
  <testcase classname="tests.SodaStreamMyAccountPageTest" name="successfulAddNewAddress" time="6.991"/>
  <testcase classname="tests.SodaStreamMyAccountPageTest" name="testOne" time="5.432"/>
  <testcase classname="tests.SodaStreamMyAccountPageTest" name="successfulRecoverPassword" time="0.146"/>
</testsuite> <!-- tests.SodaStreamMyAccountPageTest -->
