<?xml version="1.0" encoding="UTF-8"?>
<!-- Generated by org.testng.reporters.JUnitReportReporter -->
<testsuite hostname="LAPTOP-V2LQLCOS" failures="0" tests="2" name="tests.SodaStreamRegisterPageTest" time="5.081" errors="0" timestamp="29 Sep 2021 13:27:27 GMT">
  <testcase classname="tests.SodaStreamRegisterPageTest" name="failedRegistration" time="2.032"/>
  <testcase classname="tests.SodaStreamRegisterPageTest" name="successfulRegistration" time="3.049"/>
</testsuite> <!-- tests.SodaStreamRegisterPageTest -->
