<?xml version="1.0" encoding="UTF-8"?>
<!-- Generated by org.testng.reporters.JUnitReportReporter -->
<testsuite hostname="LAPTOP-V2LQLCOS" failures="0" tests="1" name="tests.SodaStremGasCylindersTest" time="22.168" errors="0" timestamp="5 Oct 2021 09:47:42 GMT">
  <testcase classname="tests.SodaStremGasCylindersTest" name="testOne" time="22.168"/>
</testsuite> <!-- tests.SodaStremGasCylindersTest -->
