<?xml version="1.0" encoding="UTF-8"?>
<!-- Generated by org.testng.reporters.JUnitReportReporter -->
<testsuite hostname="LAPTOP-V2LQLCOS" failures="0" tests="4" name="tests.SodaStreamExplorePageTest" time="29.864" errors="0" timestamp="10 Oct 2021 15:24:34 GMT">
  <testcase classname="tests.SodaStreamExplorePageTest" name="scrollDownPageTillBottom" time="7.948"/>
  <testcase classname="tests.SodaStreamExplorePageTest" name="checkGasAndWhySodaStreamOptions" time="2.609"/>
  <testcase classname="tests.SodaStreamExplorePageTest" name="setExtentReport" time="0.004"/>
  <testcase classname="tests.SodaStreamExplorePageTest" name="checkLinksAndButtonsInWhySodaStreamArticles" time="19.303"/>
</testsuite> <!-- tests.SodaStreamExplorePageTest -->
