<?xml version="1.0" encoding="UTF-8"?>
<!-- Generated by org.testng.reporters.JUnitReportReporter -->
<testsuite hostname="LAPTOP-V2LQLCOS" failures="0" tests="5" name="tests.CartAreaTest" time="27.172" errors="0" timestamp="6 Oct 2021 13:01:50 GMT">
  <testcase classname="tests.CartAreaTest" name="checkOfferingItemsLinks" time="8.565"/>
  <testcase classname="tests.CartAreaTest" name="addItemToCartFromTheSite" time="7.380"/>
  <testcase classname="tests.CartAreaTest" name="checkRemoveItemFromCart" time="2.937"/>
  <testcase classname="tests.CartAreaTest" name="checkPlusAndMinusQuantity" time="5.967"/>
  <testcase classname="tests.CartAreaTest" name="cartEmptyTest" time="2.323"/>
</testsuite> <!-- tests.CartAreaTest -->
