<?xml version="1.0" encoding="UTF-8"?>
<!-- Generated by org.testng.reporters.JUnitReportReporter -->
<testsuite hostname="LAPTOP-V2LQLCOS" failures="0" tests="2" name="tests.SodaStremMainPageTest" time="21.800" errors="0" timestamp="10 Oct 2021 15:29:27 GMT">
  <testcase classname="tests.SodaStremMainPageTest" name="mainPageTest" time="21.795"/>
  <testcase classname="tests.SodaStremMainPageTest" name="setExtentReport" time="0.005"/>
</testsuite> <!-- tests.SodaStremMainPageTest -->
