<?xml version="1.0" encoding="UTF-8"?>
<!-- Generated by org.testng.reporters.JUnitReportReporter -->
<testsuite hostname="LAPTOP-V2LQLCOS" failures="0" tests="8" name="tests.SodaStreamCheckOutPageTest" time="71.128" errors="0" timestamp="10 Oct 2021 15:22:53 GMT">
  <testcase classname="tests.SodaStreamCheckOutPageTest" name="succesfulyAddDifferentBillingAddress" time="5.744"/>
  <testcase classname="tests.SodaStreamCheckOutPageTest" name="checkOutTest" time="25.147"/>
  <testcase classname="tests.SodaStreamCheckOutPageTest" name="succesfulySavedAllTheDetailsInPreviousPages" time="6.707"/>
  <testcase classname="tests.SodaStreamCheckOutPageTest" name="setExtentReport" time="0.006"/>
  <testcase classname="tests.SodaStreamCheckOutPageTest" name="enterInValidCreditCard" time="14.120"/>
  <testcase classname="tests.SodaStreamCheckOutPageTest" name="continueCheckOutWithValidFields" time="10.228"/>
  <testcase classname="tests.SodaStreamCheckOutPageTest" name="continueCheckOutWithEmptyFields" time="0.098"/>
  <testcase classname="tests.SodaStreamCheckOutPageTest" name="checkPayPalMethodFunctionality" time="9.078"/>
</testsuite> <!-- tests.SodaStreamCheckOutPageTest -->
