<?xml version="1.0" encoding="UTF-8"?>
<!-- Generated by org.testng.reporters.JUnitReportReporter -->
<testsuite hostname="LAPTOP-V2LQLCOS" failures="0" tests="1" name="tests.SodaStreamMyAccountTest" time="4.371" errors="0" timestamp="29 Sep 2021 13:40:19 GMT">
  <testcase classname="tests.SodaStreamMyAccountTest" name="failedLogin" time="4.371"/>
</testsuite> <!-- tests.SodaStreamMyAccountTest -->
