<?xml version="1.0" encoding="UTF-8"?>
<!-- Generated by org.testng.reporters.JUnitReportReporter -->
<testsuite hostname="LAPTOP-V2LQLCOS" failures="0" tests="4" name="tests.MyAccountAreaTest" time="8.431" errors="0" timestamp="10 Oct 2021 15:19:36 GMT">
  <testcase classname="tests.MyAccountAreaTest" name="setExtentReport" time="0.009"/>
  <testcase classname="tests.MyAccountAreaTest" name="failedRegistration" time="0.136"/>
  <testcase classname="tests.MyAccountAreaTest" name="failedLogin" time="5.090"/>
  <testcase classname="tests.MyAccountAreaTest" name="successfulRecoverPassword" time="3.196"/>
</testsuite> <!-- tests.MyAccountAreaTest -->
