<?xml version="1.0" encoding="UTF-8"?>
<!-- Generated by org.testng.reporters.JUnitReportReporter -->
<testsuite hostname="LAPTOP-V2LQLCOS" failures="0" tests="1" name="tests.MyAccountGroupTest" time="4.771" errors="0" timestamp="30 Sep 2021 14:23:41 GMT">
  <testcase classname="tests.MyAccountGroupTest" name="failedLogin" time="4.771"/>
</testsuite> <!-- tests.MyAccountGroupTest -->
