<?xml version="1.0" encoding="UTF-8"?>
<!-- Generated by org.testng.reporters.JUnitReportReporter -->
<testsuite hostname="LAPTOP-V2LQLCOS" failures="0" tests="4" name="tests.SodaStreamFooterTest" time="71.043" errors="0" timestamp="6 Oct 2021 12:21:31 GMT">
  <testcase classname="tests.SodaStreamFooterTest" name="registrationSuccessTest" time="1.297"/>
  <testcase classname="tests.SodaStreamFooterTest" name="checkLinksAndIcons" time="64.777"/>
  <testcase classname="tests.SodaStreamFooterTest" name="checkFindAstorePage" time="3.354"/>
  <testcase classname="tests.SodaStreamFooterTest" name="registrationFaildTest" time="1.615"/>
</testsuite> <!-- tests.SodaStreamFooterTest -->
