<?xml version="1.0" encoding="UTF-8"?>
<!-- Generated by org.testng.reporters.JUnitReportReporter -->
<testsuite hostname="LAPTOP-V2LQLCOS" failures="0" tests="1" name="tests.SodaStreamLoginTest" time="5.532" errors="0" timestamp="29 Sep 2021 20:12:03 GMT">
  <testcase classname="tests.SodaStreamLoginTest" name="failedLogin" time="5.532"/>
</testsuite> <!-- tests.SodaStreamLoginTest -->
