<?xml version="1.0" encoding="UTF-8"?>
<!-- Generated by org.testng.reporters.JUnitReportReporter -->
<testsuite hostname="LAPTOP-V2LQLCOS" failures="0" tests="6" name="tests.SodaStreamCartPageTest" time="29.839" errors="0" timestamp="10 Oct 2021 15:21:09 GMT">
  <testcase classname="tests.SodaStreamCartPageTest" name="addItemToCartFromTheSite" time="8.365"/>
  <testcase classname="tests.SodaStreamCartPageTest" name="checkPlusAndMinusQuantity" time="5.224"/>
  <testcase classname="tests.SodaStreamCartPageTest" name="checkRemoveItemFromCart" time="3.497"/>
  <testcase classname="tests.SodaStreamCartPageTest" name="checkOfferingItemsLinks" time="10.294"/>
  <testcase classname="tests.SodaStreamCartPageTest" name="setExtentReport" time="0.008"/>
  <testcase classname="tests.SodaStreamCartPageTest" name="cartEmptyTest" time="2.451"/>
</testsuite> <!-- tests.SodaStreamCartPageTest -->
