<?xml version="1.0" encoding="UTF-8"?>
<!-- Generated by org.testng.reporters.JUnitReportReporter -->
<testsuite hostname="LAPTOP-V2LQLCOS" failures="0" tests="4" name="tests.SodaStreamExchangePageTest" time="14.752" errors="0" timestamp="10 Oct 2021 15:23:52 GMT">
  <testcase classname="tests.SodaStreamExchangePageTest" name="clickWriteReviewSuccessTest" time="1.363"/>
  <testcase classname="tests.SodaStreamExchangePageTest" name="addItemToCartSuccessTest" time="10.314"/>
  <testcase classname="tests.SodaStreamExchangePageTest" name="minusAndPlusQuantitySuccessTest" time="0.237"/>
  <testcase classname="tests.SodaStreamExchangePageTest" name="enterToExchangePage" time="2.838"/>
</testsuite> <!-- tests.SodaStreamExchangePageTest -->
