<?xml version="1.0" encoding="UTF-8"?>
<!-- Generated by org.testng.reporters.JUnitReportReporter -->
<testsuite hostname="LAPTOP-V2LQLCOS" failures="0" tests="2" name="tests.SodaStreamTopNavTest" time="8.826" errors="0" timestamp="10 Oct 2021 15:24:55 GMT">
  <testcase classname="tests.SodaStreamTopNavTest" name="topNavTest" time="8.820"/>
  <testcase classname="tests.SodaStreamTopNavTest" name="setExtentReport" time="0.006"/>
</testsuite> <!-- tests.SodaStreamTopNavTest -->
