<?xml version="1.0" encoding="UTF-8"?>
<!-- Generated by org.testng.reporters.JUnitReportReporter -->
<testsuite hostname="LAPTOP-V2LQLCOS" failures="0" tests="2" name="tests.SodaStreamProductRegistrationPageTest" time="2.314" errors="0" timestamp="29 Sep 2021 12:05:13 GMT">
  <testcase classname="tests.SodaStreamProductRegistrationPageTest" name="registrationSuccessTest" time="0.433"/>
  <testcase classname="tests.SodaStreamProductRegistrationPageTest" name="registrationFaildTest" time="1.881"/>
</testsuite> <!-- tests.SodaStreamProductRegistrationPageTest -->
