<?xml version="1.0" encoding="UTF-8"?>
<!-- Generated by org.testng.reporters.JUnitReportReporter -->
<testsuite hostname="LAPTOP-V2LQLCOS" failures="0" tests="7" name="tests.FlavorsPageAreaTest" time="52.609" errors="0" timestamp="10 Oct 2021 15:17:31 GMT">
  <testcase classname="tests.FlavorsPageAreaTest" name="setExtentReport" time="0.009"/>
  <testcase classname="tests.FlavorsPageAreaTest" name="filterSuccessTest" time="18.760"/>
  <testcase classname="tests.FlavorsPageAreaTest" name="buyNowItemSuccessTest" time="5.349"/>
  <testcase classname="tests.FlavorsPageAreaTest" name="addItemToCartSuccessTest" time="7.833"/>
  <testcase classname="tests.FlavorsPageAreaTest" name="sortSuccessTest" time="13.341"/>
  <testcase classname="tests.FlavorsPageAreaTest" name="itemPageSuccessTest" time="4.792"/>
  <testcase classname="tests.FlavorsPageAreaTest" name="viewLabelPopUpSuccessTest" time="2.525"/>
</testsuite> <!-- tests.FlavorsPageAreaTest -->
