<?xml version="1.0" encoding="UTF-8"?>
<!-- Generated by org.testng.reporters.JUnitReportReporter -->
<testsuite hostname="LAPTOP-V2LQLCOS" failures="0" tests="13" name="tests.SparklingWaterMakersPageTest" time="34.363" errors="0" timestamp="10 Oct 2021 15:28:42 GMT">
  <testcase classname="tests.SparklingWaterMakersPageTest" name="checkAllQuestionsAndFAQ" time="2.314"/>
  <testcase classname="tests.SparklingWaterMakersPageTest" name="checkBuyPack" time="8.172"/>
  <testcase classname="tests.SparklingWaterMakersPageTest" name="checkAnotherPage" time="5.989"/>
  <testcase classname="tests.SparklingWaterMakersPageTest" name="setExtentReport" time="0.007"/>
  <testcase classname="tests.SparklingWaterMakersPageTest" name="checkBlueVariantGoogleCampaign" time="3.476"/>
  <testcase classname="tests.SparklingWaterMakersPageTest" name="enterToFizziSpiritPage" time="5.698"/>
  <testcase classname="tests.SparklingWaterMakersPageTest" name="checkVideoOnMouseOverImages" time="0.481"/>
  <testcase classname="tests.SparklingWaterMakersPageTest" name="checkThumbnailImages" time="1.552"/>
  <testcase classname="tests.SparklingWaterMakersPageTest" name="checkDiffernetColors" time="1.249"/>
  <testcase classname="tests.SparklingWaterMakersPageTest" name="checkSortFilter" time="1.109"/>
  <testcase classname="tests.SparklingWaterMakersPageTest" name="checkDifferenPackImage" time="0.626"/>
  <testcase classname="tests.SparklingWaterMakersPageTest" name="checkScoreFilter" time="1.425"/>
  <testcase classname="tests.SparklingWaterMakersPageTest" name="checkThumbButtonCounter" time="2.265"/>
</testsuite> <!-- tests.SparklingWaterMakersPageTest -->
